Arguments: 
  /Users/skyer/.nvm/versions/node/v14.11.0/bin/node /usr/local/Cellar/yarn/1.22.10/libexec/bin/yarn.js publish

PATH: 
  /Users/skyer/.nvm/versions/node/v14.11.0/bin:/Users/skyer/.nvm/versions/node/v14.11.0/bin:/usr/local/bin:/usr/bin:/bin:/usr/sbin:/sbin:/Library/Apple/usr/bin:/Users/skyer/.nvm/versions/node/v14.11.0/bin

Yarn version: 
  1.22.10

Node version: 
  14.11.0

Platform: 
  darwin x64

Trace: 
  SyntaxError: /Users/skyer/Documents/Rigel/cli/rigel-cli/package.json: Unexpected token / in JSON at position 291
      at JSON.parse (<anonymous>)
      at /usr/local/Cellar/yarn/1.22.10/libexec/lib/cli.js:1625:59
      at Generator.next (<anonymous>)
      at step (/usr/local/Cellar/yarn/1.22.10/libexec/lib/cli.js:310:30)
      at /usr/local/Cellar/yarn/1.22.10/libexec/lib/cli.js:321:13

npm manifest: 
  {
  	"name": "rigel-cli",
  	"workspaces": [
  		"packages/*"
  	],
  	"bin": {
  		"rigel": "./bin/rigel.js"
  	},
  	"repository": {
  		"type": "git",
  		"url": "https://github.com/mustafaskyer/rigel-cli.git"
  	},
  	"scripts": {
  		"test": "node_modules/.bin/mocha",
  		"publish": "npm publish --access public" // this was being triggered by running `npm publish`
  	},
  	"version": "2.1.0",
  	"license": "MIT",
  	"dependencies": {
  		"@rigel/utils": "^1.0.0",
  		"chalk": "^3.0.0",
  		"change-case": "^4.1.1",
  		"commander": "^4.1.0",
  		"esm": "^3.2.25",
  		"execa": "^4.0.0",
  		"figlet": "^1.2.4",
  		"fs-jetpack": "^2.2.3",
  		"fuzzy": "^0.1.3",
  		"handlebars": "^4.7.6",
  		"inquirer": "^7.0.3",
  		"inquirer-autocomplete-prompt": "^1.0.1",
  		"inquirer-checkbox-plus-prompt": "^1.0.1",
  		"lodash": "^4.17.15",
  		"lower-case-first": "^2.0.1",
  		"minimist": "^1.2.5",
  		"open": "^7.0.0",
  		"ora": "^5.0.0",
  		"os": "^0.1.1",
  		"pkg-install": "^1.0.0",
  		"pretty-error": "^2.1.1",
  		"request": "^2.88.0",
  		"semver": "^7.3.2",
  		"shelljs": "^0.8.3",
  		"slash": "^3.0.0",
  		"upper-case-first": "^2.0.1",
  		"which": "^2.0.2"
  	},
  	"devDependencies": {
  		"@babel/cli": "^7.10.5",
  		"@babel/core": "^7.11.1",
  		"@babel/node": "^7.10.5",
  		"@babel/parser": "^7.9.4",
  		"@babel/preset-env": "^7.11.0",
  		"babel": "^6.23.0",
  		"babel-loader": "^8.1.0",
  		"babel-preset-es2015": "^6.24.1",
  		"chai": "^4.2.0",
  		"lerna": "^3.22.1",
  		"mocha": "^7.0.0",
  		"prettier": "2.0.2",
  		"sinon": "^8.1.0"
  	},
  	"engines": {
  		"node": ">=8.9"
  	},
  	"engineStrict": true
  }

yarn manifest: 
  No manifest

Lockfile: 
  No lockfile
