Arguments: 
  /Users/skyer/.nvm/versions/node/v14.11.0/bin/node /usr/local/Cellar/yarn/1.22.10/libexec/bin/yarn.js install --mutex network:42424 --non-interactive

PATH: 
  /Users/skyer/Documents/Rigel/cli/rigel-cli/packages/commands/node_modules/.bin:/Users/skyer/Documents/Rigel/cli/rigel-cli/packages/node_modules/.bin:/Users/skyer/Documents/Rigel/cli/rigel-cli/node_modules/.bin:/Users/skyer/Documents/Rigel/cli/node_modules/.bin:/Users/skyer/Documents/Rigel/node_modules/.bin:/Users/skyer/Documents/node_modules/.bin:/Users/skyer/node_modules/.bin:/Users/node_modules/.bin:/node_modules/.bin:/Users/skyer/.nvm/versions/node/v14.11.0/bin:/Users/skyer/Documents/Rigel/cli/rigel-cli/node_modules/.bin:/Users/skyer/.nvm/versions/node/v14.11.0/bin:/Users/skyer/.nvm/versions/node/v14.11.0/bin:/usr/local/bin:/usr/bin:/bin:/usr/sbin:/sbin:/Library/Apple/usr/bin:/Users/skyer/.nvm/versions/node/v14.11.0/bin

Yarn version: 
  1.22.10

Node version: 
  14.11.0

Platform: 
  darwin x64

Trace: 
  Error: https://registry.yarnpkg.com/@rigel%2fconstants: Not found
      at Request.params.callback [as _callback] (/usr/local/Cellar/yarn/1.22.10/libexec/lib/cli.js:66988:18)
      at Request.self.callback (/usr/local/Cellar/yarn/1.22.10/libexec/lib/cli.js:140749:22)
      at Request.emit (events.js:314:20)
      at Request.<anonymous> (/usr/local/Cellar/yarn/1.22.10/libexec/lib/cli.js:141721:10)
      at Request.emit (events.js:314:20)
      at IncomingMessage.<anonymous> (/usr/local/Cellar/yarn/1.22.10/libexec/lib/cli.js:141643:12)
      at Object.onceWrapper (events.js:420:28)
      at IncomingMessage.emit (events.js:326:22)
      at endReadableNT (_stream_readable.js:1252:12)
      at processTicksAndRejections (internal/process/task_queues.js:80:21)

npm manifest: 
  {
  	"name": "@mustafaskyer/rigel-commands",
  	"version": "1.2.1",
  	"description": "Rigel Cli Commands",
  	"private": "false",
  	"main": "index.js",
  	"author": "Mustafa Elsayed",
  	"license": "MIT",
  	"dependencies": {
  		"@mustafaskyer/rigel-constants": "^0.1.0",
  		"@mustafaskyer/rigel-logger": "^0.1.0",
  		"@mustafaskyer/rigel-utils": "^0.1.0",
  		"Logger": "^0.0.0",
  		"logger": "^0.0.1"
  	}
  }

yarn manifest: 
  No manifest

Lockfile: 
  No lockfile
